<?xml version="1.0"?>
<testsuite name="org.owasp.webscarab.data.test.Suite" tests="2" failures="0" errors="0" time="0.082">
  <properties>
    <property name="docdest" value="/opt/owasp/webscarab/doc/api"></property>
    <property name="java.runtime.name" value="Java(TM) 2 Runtime Environment, Standard Edition"></property>
    <property name="sun.boot.library.path" value="/usr/j2sdk1.4.0/jre/lib/i386"></property>
    <property name="java.vm.version" value="1.4.0-b92"></property>
    <property name="libjar" value="/opt/owasp/webscarab/java/lib.jar"></property>
    <property name="ant.version" value="Ant version 1.4.1 compiled on April 29 2002"></property>
    <property name="tdocdest" value="/opt/owasp/webscarab/doc/test"></property>
    <property name="ant.java.version" value="1.4"></property>
    <property name="java.vm.vendor" value="Sun Microsystems Inc."></property>
    <property name="java.vendor.url" value="http://java.sun.com/"></property>
    <property name="path.separator" value=":"></property>
    <property name="java.vm.name" value="Java HotSpot(TM) Client VM"></property>
    <property name="file.encoding.pkg" value="sun.io"></property>
    <property name="webscarab.root" value="/opt/owasp/webscarab"></property>
    <property name="user.country" value="US"></property>
    <property name="sun.os.patch.level" value="unknown"></property>
    <property name="java.vm.specification.name" value="Java Virtual Machine Specification"></property>
    <property name="user.dir" value="/home/ingo/webscarab/cvs/java/src/org/owasp/webscarab/data"></property>
    <property name="java.runtime.version" value="1.4.0-b92"></property>
    <property name="java.awt.graphicsenv" value="sun.awt.X11GraphicsEnvironment"></property>
    <property name="basedir" value="/home/ingo/webscarab/cvs/java/src/org/owasp/webscarab/data"></property>
    <property name="java.endorsed.dirs" value="/usr/j2sdk1.4.0/jre/lib/endorsed"></property>
    <property name="os.arch" value="i386"></property>
    <property name="java.io.tmpdir" value="/tmp"></property>
    <property name="line.separator" value="
"></property>
    <property name="java.vm.specification.vendor" value="Sun Microsystems Inc."></property>
    <property name="os.name" value="Linux"></property>
    <property name="DSTAMP" value="20020707"></property>
    <property name="classdest" value="/opt/owasp/webscarab/java/classes"></property>
    <property name="ant.home" value="/opt/jakarta"></property>
    <property name="sun.java2d.fontpath" value=""></property>
    <property name="ant.project.name" value="org.owasp.webscarab.data"></property>
    <property name="TODAY" value="July 7 2002"></property>
    <property name="java.library.path" value="/usr/j2sdk1.4.0/jre/lib/i386/client:/usr/j2sdk1.4.0/jre/lib/i386:/usr/j2sdk1.4.0/jre/../lib/i386"></property>
    <property name="src" value="."></property>
    <property name="java.specification.name" value="Java Platform API Specification"></property>
    <property name="java.class.version" value="48.0"></property>
    <property name="root" value="../.."></property>
    <property name="java.util.prefs.PreferencesFactory" value="java.util.prefs.FileSystemPreferencesFactory"></property>
    <property name="os.version" value="2.4.18"></property>
    <property name="jarfile" value="webscarab.jar"></property>
    <property name="ant.file" value="/home/ingo/webscarab/cvs/java/src/org/owasp/config.build.xml"></property>
    <property name="user.home" value="/home/ingo"></property>
    <property name="user.timezone" value=""></property>
    <property name="java.awt.printerjob" value="sun.print.PSPrinterJob"></property>
    <property name="java.specification.version" value="1.4"></property>
    <property name="file.encoding" value="ISO-8859-1"></property>
    <property name="TSTAMP" value="0351"></property>
    <property name="cc" value="-- no commment --"></property>
    <property name="build.compiler" value="jikes"></property>
    <property name="java.class.path" value="/usr/java/lib/dt.jar:/usr/java/lib/htmlconverter.jar:/usr/java/lib/tools.jar:/opt/java/optlib.jar:/opt/java/classes:.:/usr/java/lib/tools.jar"></property>
    <property name="user.name" value="ingo"></property>
    <property name="keyfile" value="owasp.key"></property>
    <property name="build.compiler.pedantic" value="on"></property>
    <property name="java.vm.specification.version" value="1.0"></property>
    <property name="java.home" value="/usr/j2sdk1.4.0/jre"></property>
    <property name="sun.arch.data.model" value="32"></property>
    <property name="jardest" value="/opt/owasp/webscarab/java"></property>
    <property name="user.language" value="en"></property>
    <property name="java.specification.vendor" value="Sun Microsystems Inc."></property>
    <property name="global.revision" value="0.poc"></property>
    <property name="java.vm.info" value="mixed mode"></property>
    <property name="java.version" value="1.4.0"></property>
    <property name="java.ext.dirs" value="/usr/j2sdk1.4.0/jre/lib/ext"></property>
    <property name="sun.boot.class.path" value="/usr/j2sdk1.4.0/jre/lib/rt.jar:/usr/j2sdk1.4.0/jre/lib/i18n.jar:/usr/j2sdk1.4.0/jre/lib/sunrsasign.jar:/usr/j2sdk1.4.0/jre/lib/jsse.jar:/usr/j2sdk1.4.0/jre/lib/jce.jar:/usr/j2sdk1.4.0/jre/lib/charsets.jar:/usr/j2sdk1.4.0/jre/classes"></property>
    <property name="java.vendor" value="Sun Microsystems Inc."></property>
    <property name="file.separator" value="/"></property>
    <property name="java.vendor.url.bug" value="http://java.sun.com/cgi-bin/bugreport.cgi"></property>
    <property name="sun.io.unicode.encoding" value="UnicodeLittle"></property>
    <property name="sun.cpu.endian" value="little"></property>
    <property name="sun.cpu.isalist" value=""></property>
  </properties>
  <testcase name="testEnqueue" time="0.024"></testcase>
  <testcase name="testDequeue" time="0.0050"></testcase>
  <system-out></system-out>
  <system-err>QPS: r@org.owasp.webscarab.data.AuditRow@66aa18; h@null; t@null
QPS: r@org.owasp.webscarab.data.AuditRow@292d26; h@org.owasp.webscarab.data.AuditRow@66aa18; t@org.owasp.webscarab.data.AuditRow@66aa18
QPS: r@org.owasp.webscarab.data.AuditRow@5329c5; h@org.owasp.webscarab.data.AuditRow@66aa18; t@org.owasp.webscarab.data.AuditRow@292d26
QPS: r@org.owasp.webscarab.data.AuditRow@f26605; h@null; t@null
QPS: r@org.owasp.webscarab.data.AuditRow@7ebe1; h@org.owasp.webscarab.data.AuditRow@f26605; t@org.owasp.webscarab.data.AuditRow@f26605
QPS: r@org.owasp.webscarab.data.AuditRow@f11b8; h@org.owasp.webscarab.data.AuditRow@f26605; t@org.owasp.webscarab.data.AuditRow@7ebe1
QPL: r@org.owasp.webscarab.data.AuditRow@f26605; h@org.owasp.webscarab.data.AuditRow@f26605; t@org.owasp.webscarab.data.AuditRow@f11b8
QPL: r@org.owasp.webscarab.data.AuditRow@7ebe1; h@org.owasp.webscarab.data.AuditRow@7ebe1; t@org.owasp.webscarab.data.AuditRow@f11b8
QPL: r@org.owasp.webscarab.data.AuditRow@f11b8; h@org.owasp.webscarab.data.AuditRow@f11b8; t@org.owasp.webscarab.data.AuditRow@f11b8
QPS: r@org.owasp.webscarab.data.AuditRow@f26605; h@null; t@null
QPL: r@org.owasp.webscarab.data.AuditRow@f26605; h@org.owasp.webscarab.data.AuditRow@f26605; t@org.owasp.webscarab.data.AuditRow@f26605
QPS: r@org.owasp.webscarab.data.AuditRow@7ebe1; h@null; t@null
QPL: r@org.owasp.webscarab.data.AuditRow@7ebe1; h@org.owasp.webscarab.data.AuditRow@7ebe1; t@org.owasp.webscarab.data.AuditRow@7ebe1
</system-err>
</testsuite>
